<?xml version="1.0" encoding="UTF-8"?>
<!-- Generated by org.testng.reporters.JUnitXMLReporter -->
<testsuite hostname="DESKTOP-89OTHQ5" ignored="2" name="Default test" tests="1" failures="0" timestamp="29 Aug 2021 04:36:36 GMT" time="5.526" errors="0">
  <testcase name="inValidLoginTest" time="5.349" classname="com.tests.LoginTest"/>
  <testcase name="loginTest" time="0.0" classname="com.tests.LoginTest">
    <ignored/>
  </testcase> <!-- loginTest -->
  <testcase name="verifyTitle" time="0.0" classname="com.tests.LoginTest">
    <ignored/>
  </testcase> <!-- verifyTitle -->
</testsuite> <!-- Default test -->
