<?xml version="1.0" encoding="UTF-8"?>
<!-- Generated by org.testng.reporters.JUnitXMLReporter -->
<testsuite hostname="DESKTOP-89OTHQ5" ignored="0" name="Test" tests="2" failures="1" timestamp="29 Aug 2021 03:51:09 GMT" time="2.308" errors="0">
  <testcase name="verifyTitle" time="0.089" classname="com.tests.LoginTest"/>
  <testcase name="loginTest" time="1.842" classname="com.tests.LoginTest">
    <failure type="java.lang.AssertionError" message="expected [JavaByKiran | dashboard] but found [JavaByKiran | Dashboard]">
      <![CDATA[java.lang.AssertionError: expected [JavaByKiran | dashboard] but found [JavaByKiran | Dashboard]
at com.tests.LoginTest.loginTest(LoginTest.java:33)
... Removed 35 stack frames]]>
    </failure>
  </testcase> <!-- loginTest -->
</testsuite> <!-- Test -->
