<?xml version="1.0" encoding="UTF-8"?>
<testsuite xmlns:xsi="http://www.w3.org/2001/XMLSchema-instance" xsi:noNamespaceSchemaLocation="https://maven.apache.org/surefire/maven-surefire-plugin/xsd/surefire-test-report-3.0.xsd" version="3.0" name="TestSuite" time="22.548" tests="2" errors="0" skipped="0" failures="1">
  <properties>
[...]
</properties>
  <testcase name="verifyTitle" classname="com.tests.LoginTest" time="0.054">
    <system-out><![CDATA[initializing browser
08-29-2021 09:20:52 TestBase.java INFO  [main] testBase.TestBase 31 - initializing browser
08-29-2021 09:20:52 PropertiesUtils.java INFO  [main] testBase.TestBase 18 - reading property file for key: browser
08-29-2021 09:20:52 PropertiesUtils.java INFO  [main] testBase.TestBase 31 - property value found
08-29-2021 09:20:52 TestBase.java INFO  [main] testBase.TestBase 33 - chrome browser is initialized 
08-29-2021 09:21:03 TestBase.java INFO  [main] testBase.TestBase 42 - maximising browser window
08-29-2021 09:21:03 PropertiesUtils.java INFO  [main] testBase.TestBase 18 - reading property file for key: url
08-29-2021 09:21:03 PropertiesUtils.java INFO  [main] testBase.TestBase 31 - property value found
08-29-2021 09:21:06 TestBase.java INFO  [main] testBase.TestBase 45 - applying common waits over a browser
08-29-2021 09:21:07 ListenerEx.java INFO  [main] testBase.TestBase 43 - test suite is started
08-29-2021 09:21:07 ListenerEx.java INFO  [main] testBase.TestBase 14 - Testcase ready to sdtart with name: verifyTitle
08-29-2021 09:21:07 ListenerEx.java INFO  [main] testBase.TestBase 19 - Testcase passed successfully with name: verifyTitle
]]></system-out>
    <system-err><![CDATA[Starting ChromeDriver 92.0.4515.43 (8c61b7e2989f2990d42f859cac71319137787cce-refs/branch-heads/4515@{#306}) on port 40776
Only local connections are allowed.
Please see https://chromedriver.chromium.org/security-considerations for suggestions on keeping ChromeDriver safe.
ChromeDriver was started successfully.
Aug 29, 2021 9:21:03 AM org.openqa.selenium.remote.ProtocolHandshake createSession
INFO: Detected dialect: W3C
]]></system-err>
  </testcase>
  <testcase name="loginTest" classname="com.tests.LoginTest" time="2.143">
    <failure message="expected [JavaByKiran | dashboard] but found [JavaByKiran | Dashboard]" type="java.lang.AssertionError"><![CDATA[java.lang.AssertionError: expected [JavaByKiran | dashboard] but found [JavaByKiran | Dashboard]
	at com.tests.LoginTest.loginTest(LoginTest.java:33)
]]></failure>
    <system-out><![CDATA[08-29-2021 09:21:07 ListenerEx.java INFO  [main] testBase.TestBase 14 - Testcase ready to sdtart with name: loginTest
08-29-2021 09:21:07 PropertiesUtils.java INFO  [main] testBase.TestBase 18 - reading property file for key: username
08-29-2021 09:21:07 PropertiesUtils.java INFO  [main] testBase.TestBase 31 - property value found
08-29-2021 09:21:07 PropertiesUtils.java INFO  [main] testBase.TestBase 18 - reading property file for key: password
08-29-2021 09:21:07 PropertiesUtils.java INFO  [main] testBase.TestBase 31 - property value found
08-29-2021 09:21:09 ListenerEx.java INFO  [main] testBase.TestBase 24 - Testcase failed with name: loginTest
08-29-2021 09:21:09 ListenerEx.java INFO  [main] testBase.TestBase 25 - java.lang.AssertionError: expected [JavaByKiran | dashboard] but found [JavaByKiran | Dashboard]
]]></system-out>
  </testcase>
</testsuite>