<?xml version="1.0" encoding="UTF-8"?>
<testng-results skipped="0" failed="0" ignored="2" total="3" passed="1">
  <reporter-output>
  </reporter-output>
  <suite name="Default suite" duration-ms="5526" started-at="2021-08-29T04:36:29Z" finished-at="2021-08-29T04:36:35Z">
    <groups>
    </groups>
    <test name="Default test" duration-ms="5526" started-at="2021-08-29T04:36:29Z" finished-at="2021-08-29T04:36:35Z">
      <class name="com.tests.LoginTest">
        <test-method status="PASS" signature="setup()[pri:0, instance:com.tests.LoginTest@67784306]" name="setup" is-config="true" duration-ms="27090" started-at="2021-08-29T04:36:02Z" finished-at="2021-08-29T04:36:29Z">
          <reporter-output>
          </reporter-output>
        </test-method> <!-- setup -->
        <test-method status="PASS" signature="inValidLoginTest()[pri:0, instance:com.tests.LoginTest@67784306]" name="inValidLoginTest" duration-ms="5349" started-at="2021-08-29T04:36:29Z" finished-at="2021-08-29T04:36:35Z">
          <reporter-output>
          </reporter-output>
        </test-method> <!-- inValidLoginTest -->
        <test-method status="PASS" signature="tearDown()[pri:0, instance:com.tests.LoginTest@67784306]" name="tearDown" is-config="true" duration-ms="1311" started-at="2021-08-29T04:36:36Z" finished-at="2021-08-29T04:36:37Z">
          <reporter-output>
          </reporter-output>
        </test-method> <!-- tearDown -->
      </class> <!-- com.tests.LoginTest -->
    </test> <!-- Default test -->
  </suite> <!-- Default suite -->
</testng-results>
